<?xml version="1.0" encoding="UTF-8"?>
<!-- Generated by org.testng.reporters.JUnitReportReporter -->
<testsuite hostname="DESKTOP-GUDGL6E" failures="0" tests="2" name="tests.LoginClass" time="14.571" errors="0" timestamp="22 Feb 2019 09:38:32 GMT" skipped="0">
  <testcase classname="tests.LoginClass" name="ValidLogin" time="7.684"/>
  <testcase classname="tests.LoginClass" name="InvalidLogin" time="6.887"/>
</testsuite> <!-- tests.LoginClass -->
