<?xml version="1.0" encoding="UTF-8"?>
<!-- Generated by org.testng.reporters.JUnitReportReporter -->
<testsuite hostname="DESKTOP-GUDGL6E" failures="0" tests="2" name="com.test.Class1" time="0.016" errors="0" timestamp="22 Feb 2019 05:20:34 GMT" skipped="0">
  <testcase classname="com.test.Class1" name="testCase1" time="0.010"/>
  <testcase classname="com.test.Class1" name="testCase2" time="0.006"/>
</testsuite> <!-- com.test.Class1 -->
